<?xml version="1.0" encoding="UTF-8"?>
<testng-results skipped="0" failed="0" ignored="0" total="1" passed="1">
  <reporter-output>
  </reporter-output>
  <suite name="Default suite" duration-ms="6662" started-at="2023-11-29T03:33:05Z" finished-at="2023-11-29T03:33:12Z">
    <groups>
    </groups>
    <test name="Default test" duration-ms="6662" started-at="2023-11-29T03:33:05Z" finished-at="2023-11-29T03:33:12Z">
      <class name="com.maven.jenkin.TestClass">
        <test-method status="PASS" signature="precondition1()[pri:0, instance:com.maven.jenkin.TestClass@6fd02e5]" name="precondition1" is-config="true" duration-ms="6368" started-at="2023-11-29T03:33:05Z" finished-at="2023-11-29T03:33:11Z">
          <reporter-output>
          </reporter-output>
        </test-method> <!-- precondition1 -->
        <test-method status="PASS" signature="test()[pri:0, instance:com.maven.jenkin.TestClass@6fd02e5]" name="test" duration-ms="7" started-at="2023-11-29T03:33:11Z" finished-at="2023-11-29T03:33:11Z">
          <reporter-output>
          </reporter-output>
        </test-method> <!-- test -->
        <test-method status="PASS" signature="closebrowser()[pri:0, instance:com.maven.jenkin.TestClass@6fd02e5]" name="closebrowser" is-config="true" duration-ms="259" started-at="2023-11-29T03:33:11Z" finished-at="2023-11-29T03:33:12Z">
          <reporter-output>
          </reporter-output>
        </test-method> <!-- closebrowser -->
      </class> <!-- com.maven.jenkin.TestClass -->
    </test> <!-- Default test -->
  </suite> <!-- Default suite -->
</testng-results>
